{
  "0 debug pnpm:scope": {
    "selected": 1
  },
  "1 error pnpm": {
    "errno": 1,
    "code": "ELIFECYCLE",
    "pkgid": "dreamgirl-nodejs-backend@1.0.0",
    "stage": "start",
    "script": "nodemon app.js --trace-warnings",
    "pkgname": "dreamgirl-nodejs-backend",
    "err": {
      "name": "pnpm",
      "message": "dreamgirl-nodejs-backend@1.0.0 start: `nodemon app.js --trace-warnings`\nExit status 1",
      "code": "ELIFECYCLE",
      "stack": "pnpm: dreamgirl-nodejs-backend@1.0.0 start: `nodemon app.js --trace-warnings`\nExit status 1\n    at EventEmitter.<anonymous> (C:\\Users\\rohit\\AppData\\Roaming\\nvm\\v16.15.1\\node_modules\\pnpm\\dist\\pnpm.cjs:108415:20)\n    at EventEmitter.emit (node:events:527:28)\n    at ChildProcess.<anonymous> (C:\\Users\\rohit\\AppData\\Roaming\\nvm\\v16.15.1\\node_modules\\pnpm\\dist\\pnpm.cjs:94981:18)\n    at ChildProcess.emit (node:events:527:28)\n    at maybeClose (node:internal/child_process:1092:16)\n    at Process.ChildProcess._handle.onexit (node:internal/child_process:302:5)"
    }
  },
  "2 warn pnpm:global": " Local package.json exists, but node_modules missing, did you mean to install?"
}